生成启动时间为 2018/8/8 14:43:52。
     1>项目“E:\dus\branches\my_demo_code\center_storge\winapp\winapp\winapp.vcxproj”在节点 2 上(build 个目标)。
     1>InitializeBuildStatus:
         正在对“Debug\winapp.unsuccessfulbuild”执行 Touch 任务。
       ClCompile:
         所有输出均为最新。
         所有输出均为最新。
       ResourceCompile:
         所有输出均为最新。
       ManifestResourceCompile:
         所有输出均为最新。
       Link:
         D:\Program Files (x86)\Microsoft Visual Studio 10.0\VC\bin\link.exe /ERRORREPORT:PROMPT /OUT:"E:\dus\branches\my_demo_code\center_storge\winapp\Debug\winapp.exe" /INCREMENTAL /NOLOGO kernel32.lib user32.lib gdi32.lib winspool.lib comdlg32.lib advapi32.lib shell32.lib ole32.lib oleaut32.lib uuid.lib odbc32.lib odbccp32.lib /MANIFEST /ManifestFile:"Debug\winapp.exe.intermediate.manifest" /MANIFESTUAC:"level='asInvoker' uiAccess='false'" /DEBUG /PDB:"E:\dus\branches\my_demo_code\center_storge\winapp\Debug\winapp.pdb" /SUBSYSTEM:WINDOWS /TLBID:1 /DYNAMICBASE /NXCOMPAT /IMPLIB:"E:\dus\branches\my_demo_code\center_storge\winapp\Debug\winapp.lib" /MACHINE:X86 Debug\winapp.res
         Debug\winapp.exe.embed.manifest.res
         Debug\stdafx.obj
         Debug\winapp.obj
       Manifest:
         C:\Program Files (x86)\Microsoft SDKs\Windows\v7.0A\bin\mt.exe /nologo /verbose /out:"Debug\winapp.exe.embed.manifest" /manifest Debug\winapp.exe.intermediate.manifest
         所有输出均为最新。
       LinkEmbedManifest:
         所有输出均为最新。
         winapp.vcxproj -> E:\dus\branches\my_demo_code\center_storge\winapp\Debug\winapp.exe
       FinalizeBuildStatus:
         正在删除文件“Debug\winapp.unsuccessfulbuild”。
         正在对“Debug\winapp.lastbuildstate”执行 Touch 任务。
     1>已完成生成项目“E:\dus\branches\my_demo_code\center_storge\winapp\winapp\winapp.vcxproj”(build 个目标)的操作。

生成成功。

已用时间 00:00:07.24
